app/build/intermediates/manifest_merge_blame_file/release/processReleaseMainManifest/manifest-merger-blame-release-report.txt
1<?xml version="1.0" encoding="utf-8"?>
2<manifest xmlns:android="http://schemas.android.com/apk/res/android"
3    package="com.libowen.fakecall"
4    android:versionCode="3"
5    android:versionName="1.0" >
6
7    <uses-sdk
7-->INJECTED
8        android:minSdkVersion="26"
8-->INJECTED
9        android:targetSdkVersion="35" />
9-->INJECTED
10
11    <!-- 权限 -->
12    <uses-permission android:name="android.permission.VIBRATE" />
12-->src/main/AndroidManifest.xml:5:5-66
12-->src/main/AndroidManifest.xml:5:22-63
13    <uses-permission android:name="android.permission.USE_FULL_SCREEN_INTENT" />
13-->src/main/AndroidManifest.xml:6:5-81
13-->src/main/AndroidManifest.xml:6:22-78
14    <uses-permission android:name="android.permission.WAKE_LOCK" />
14-->src/main/AndroidManifest.xml:7:5-68
14-->src/main/AndroidManifest.xml:7:22-65
15    <uses-permission android:name="android.permission.POST_NOTIFICATIONS" />
15-->src/main/AndroidManifest.xml:8:5-77
15-->src/main/AndroidManifest.xml:8:22-74
16    <uses-permission android:name="android.permission.SCHEDULE_EXACT_ALARM" />
16-->src/main/AndroidManifest.xml:9:5-79
16-->src/main/AndroidManifest.xml:9:22-76
17    <uses-permission android:name="android.permission.FOREGROUND_SERVICE" />
17-->src/main/AndroidManifest.xml:10:5-77
17-->src/main/AndroidManifest.xml:10:22-74
18    <uses-permission android:name="android.permission.FOREGROUND_SERVICE_PHONE_CALL" />
18-->src/main/AndroidManifest.xml:11:5-88
18-->src/main/AndroidManifest.xml:11:22-85
19    <uses-permission android:name="android.permission.RECEIVE_BOOT_COMPLETED" />
19-->src/main/AndroidManifest.xml:12:5-81
19-->src/main/AndroidManifest.xml:12:22-78
20
21    <permission
21-->[androidx.core:core:1.13.0] AndroidManifest.xml:22:5-24:47
22        android:name="com.libowen.fakecall.DYNAMIC_RECEIVER_NOT_EXPORTED_PERMISSION"
22-->[androidx.core:core:1.13.0] AndroidManifest.xml:23:9-81
23        android:protectionLevel="signature" />
23-->[androidx.core:core:1.13.0] AndroidManifest.xml:24:9-44
24
25    <uses-permission android:name="com.libowen.fakecall.DYNAMIC_RECEIVER_NOT_EXPORTED_PERMISSION" />
25-->[androidx.core:core:1.13.0] AndroidManifest.xml:26:5-97
25-->[androidx.core:core:1.13.0] AndroidManifest.xml:26:22-94
26
27    <application
27-->src/main/AndroidManifest.xml:14:5-76:19
28        android:name="com.libowen.fakecall.FakeCallApp"
28-->src/main/AndroidManifest.xml:15:9-36
29        android:allowBackup="true"
29-->src/main/AndroidManifest.xml:16:9-35
30        android:appComponentFactory="androidx.core.app.CoreComponentFactory"
30-->[androidx.core:core:1.13.0] AndroidManifest.xml:28:18-86
31        android:extractNativeLibs="false"
31-->INJECTED
32        android:icon="@mipmap/ic_launcher"
32-->src/main/AndroidManifest.xml:17:9-43
33        android:label="@string/app_name"
33-->src/main/AndroidManifest.xml:18:9-41
34        android:roundIcon="@mipmap/ic_launcher_round"
34-->src/main/AndroidManifest.xml:19:9-54
35        android:supportsRtl="true"
35-->src/main/AndroidManifest.xml:20:9-35
36        android:theme="@style/Theme.FakeCall" >
36-->src/main/AndroidManifest.xml:21:9-46
37
38        <!-- 主 Activity（托管 NavHost：Home + Contacts） -->
39        <activity
39-->src/main/AndroidManifest.xml:24:9-32:20
40            android:name="com.libowen.fakecall.ui.MainActivity"
40-->src/main/AndroidManifest.xml:25:13-44
41            android:exported="true"
41-->src/main/AndroidManifest.xml:26:13-36
42            android:windowSoftInputMode="adjustResize" >
42-->src/main/AndroidManifest.xml:27:13-55
43            <intent-filter>
43-->src/main/AndroidManifest.xml:28:13-31:29
44                <action android:name="android.intent.action.MAIN" />
44-->src/main/AndroidManifest.xml:29:17-69
44-->src/main/AndroidManifest.xml:29:25-66
45
46                <category android:name="android.intent.category.LAUNCHER" />
46-->src/main/AndroidManifest.xml:30:17-77
46-->src/main/AndroidManifest.xml:30:27-74
47            </intent-filter>
48        </activity>
49
50        <!-- 来电界面：独立 Activity，锁屏弹出 -->
51        <activity
51-->src/main/AndroidManifest.xml:35:9-41:47
52            android:name="com.libowen.fakecall.ui.call.IncomingCallActivity"
52-->src/main/AndroidManifest.xml:36:13-57
53            android:excludeFromRecents="true"
53-->src/main/AndroidManifest.xml:40:13-46
54            android:exported="false"
54-->src/main/AndroidManifest.xml:37:13-37
55            android:launchMode="singleTask"
55-->src/main/AndroidManifest.xml:41:13-44
56            android:showOnLockScreen="true"
56-->src/main/AndroidManifest.xml:38:13-44
57            android:turnScreenOn="true" />
57-->src/main/AndroidManifest.xml:39:13-40
58
59        <!-- 通话中界面 -->
60        <activity
60-->src/main/AndroidManifest.xml:44:9-48:47
61            android:name="com.libowen.fakecall.ui.call.InCallActivity"
61-->src/main/AndroidManifest.xml:45:13-51
62            android:excludeFromRecents="true"
62-->src/main/AndroidManifest.xml:47:13-46
63            android:exported="false"
63-->src/main/AndroidManifest.xml:46:13-37
64            android:launchMode="singleTask" />
64-->src/main/AndroidManifest.xml:48:13-44
65
66        <!-- 通话结束界面 -->
67        <activity
67-->src/main/AndroidManifest.xml:51:9-54:49
68            android:name="com.libowen.fakecall.ui.call.CallEndedActivity"
68-->src/main/AndroidManifest.xml:52:13-54
69            android:excludeFromRecents="true"
69-->src/main/AndroidManifest.xml:54:13-46
70            android:exported="false" />
70-->src/main/AndroidManifest.xml:53:13-37
71
72        <!-- 定时触发 BroadcastReceiver -->
73        <receiver
73-->src/main/AndroidManifest.xml:57:9-59:40
74            android:name="com.libowen.fakecall.system.FakeCallReceiver"
74-->src/main/AndroidManifest.xml:58:13-52
75            android:exported="false" />
75-->src/main/AndroidManifest.xml:59:13-37
76
77        <!-- 开机恢复定时任务 -->
78        <receiver
78-->src/main/AndroidManifest.xml:62:9-68:20
79            android:name="com.libowen.fakecall.system.BootReceiver"
79-->src/main/AndroidManifest.xml:63:13-48
80            android:exported="true" >
80-->src/main/AndroidManifest.xml:64:13-36
81            <intent-filter>
81-->src/main/AndroidManifest.xml:65:13-67:29
82                <action android:name="android.intent.action.BOOT_COMPLETED" />
82-->src/main/AndroidManifest.xml:66:17-79
82-->src/main/AndroidManifest.xml:66:25-76
83            </intent-filter>
84        </receiver>
85
86        <!-- 通话中 Foreground Service -->
87        <service
87-->src/main/AndroidManifest.xml:71:9-74:57
88            android:name="com.libowen.fakecall.system.FakeCallService"
88-->src/main/AndroidManifest.xml:72:13-51
89            android:exported="false"
89-->src/main/AndroidManifest.xml:73:13-37
90            android:foregroundServiceType="phoneCall" />
90-->src/main/AndroidManifest.xml:74:13-54
91
92        <provider
92-->[androidx.emoji2:emoji2:1.3.0] AndroidManifest.xml:24:9-32:20
93            android:name="androidx.startup.InitializationProvider"
93-->[androidx.emoji2:emoji2:1.3.0] AndroidManifest.xml:25:13-67
94            android:authorities="com.libowen.fakecall.androidx-startup"
94-->[androidx.emoji2:emoji2:1.3.0] AndroidManifest.xml:26:13-68
95            android:exported="false" >
95-->[androidx.emoji2:emoji2:1.3.0] AndroidManifest.xml:27:13-37
96            <meta-data
96-->[androidx.emoji2:emoji2:1.3.0] AndroidManifest.xml:29:13-31:52
97                android:name="androidx.emoji2.text.EmojiCompatInitializer"
97-->[androidx.emoji2:emoji2:1.3.0] AndroidManifest.xml:30:17-75
98                android:value="androidx.startup" />
98-->[androidx.emoji2:emoji2:1.3.0] AndroidManifest.xml:31:17-49
99            <meta-data
99-->[androidx.lifecycle:lifecycle-process:2.7.0] AndroidManifest.xml:29:13-31:52
100                android:name="androidx.lifecycle.ProcessLifecycleInitializer"
100-->[androidx.lifecycle:lifecycle-process:2.7.0] AndroidManifest.xml:30:17-78
101                android:value="androidx.startup" />
101-->[androidx.lifecycle:lifecycle-process:2.7.0] AndroidManifest.xml:31:17-49
102            <meta-data
102-->[androidx.profileinstaller:profileinstaller:1.3.1] AndroidManifest.xml:29:13-31:52
103                android:name="androidx.profileinstaller.ProfileInstallerInitializer"
103-->[androidx.profileinstaller:profileinstaller:1.3.1] AndroidManifest.xml:30:17-85
104                android:value="androidx.startup" />
104-->[androidx.profileinstaller:profileinstaller:1.3.1] AndroidManifest.xml:31:17-49
105        </provider>
106
107        <service
107-->[androidx.room:room-runtime-android:2.8.4] AndroidManifest.xml:24:9-28:63
108            android:name="androidx.room.MultiInstanceInvalidationService"
108-->[androidx.room:room-runtime-android:2.8.4] AndroidManifest.xml:25:13-74
109            android:directBootAware="true"
109-->[androidx.room:room-runtime-android:2.8.4] AndroidManifest.xml:26:13-43
110            android:exported="false" />
110-->[androidx.room:room-runtime-android:2.8.4] AndroidManifest.xml:27:13-37
111
112        <receiver
112-->[androidx.profileinstaller:profileinstaller:1.3.1] AndroidManifest.xml:34:9-52:20
113            android:name="androidx.profileinstaller.ProfileInstallReceiver"
113-->[androidx.profileinstaller:profileinstaller:1.3.1] AndroidManifest.xml:35:13-76
114            android:directBootAware="false"
114-->[androidx.profileinstaller:profileinstaller:1.3.1] AndroidManifest.xml:36:13-44
115            android:enabled="true"
115-->[androidx.profileinstaller:profileinstaller:1.3.1] AndroidManifest.xml:37:13-35
116            android:exported="true"
116-->[androidx.profileinstaller:profileinstaller:1.3.1] AndroidManifest.xml:38:13-36
117            android:permission="android.permission.DUMP" >
117-->[androidx.profileinstaller:profileinstaller:1.3.1] AndroidManifest.xml:39:13-57
118            <intent-filter>
118-->[androidx.profileinstaller:profileinstaller:1.3.1] AndroidManifest.xml:40:13-42:29
119                <action android:name="androidx.profileinstaller.action.INSTALL_PROFILE" />
119-->[androidx.profileinstaller:profileinstaller:1.3.1] AndroidManifest.xml:41:17-91
119-->[androidx.profileinstaller:profileinstaller:1.3.1] AndroidManifest.xml:41:25-88
120            </intent-filter>
121            <intent-filter>
121-->[androidx.profileinstaller:profileinstaller:1.3.1] AndroidManifest.xml:43:13-45:29
122                <action android:name="androidx.profileinstaller.action.SKIP_FILE" />
122-->[androidx.profileinstaller:profileinstaller:1.3.1] AndroidManifest.xml:44:17-85
122-->[androidx.profileinstaller:profileinstaller:1.3.1] AndroidManifest.xml:44:25-82
123            </intent-filter>
124            <intent-filter>
124-->[androidx.profileinstaller:profileinstaller:1.3.1] AndroidManifest.xml:46:13-48:29
125                <action android:name="androidx.profileinstaller.action.SAVE_PROFILE" />
125-->[androidx.profileinstaller:profileinstaller:1.3.1] AndroidManifest.xml:47:17-88
125-->[androidx.profileinstaller:profileinstaller:1.3.1] AndroidManifest.xml:47:25-85
126            </intent-filter>
127            <intent-filter>
127-->[androidx.profileinstaller:profileinstaller:1.3.1] AndroidManifest.xml:49:13-51:29
128                <action android:name="androidx.profileinstaller.action.BENCHMARK_OPERATION" />
128-->[androidx.profileinstaller:profileinstaller:1.3.1] AndroidManifest.xml:50:17-95
128-->[androidx.profileinstaller:profileinstaller:1.3.1] AndroidManifest.xml:50:25-92
129            </intent-filter>
130        </receiver>
131    </application>
132
133</manifest>